<?xml version="1.0" encoding="UTF-8"?>
<!-- Generated by org.testng.reporters.JUnitReportReporter -->
<testsuite hostname="LAPTOP-4VIC74S6" failures="0" tests="1" name="com.utilites.TC_login" time="9.454" errors="0" timestamp="2022-03-16T18:20:02 IST" skipped="0">
  <testcase classname="com.utilites.TC_login" name="logintest" time="9.454"/>
  <system-out/>
</testsuite> <!-- com.utilites.TC_login -->
